<?xml version="1.0" encoding="UTF-8"?>
<!-- Generated by org.testng.reporters.JUnitXMLReporter -->
<testsuite hostname="LAPTOP-B83IAJ68" ignored="0" name="Test" tests="4" failures="0" timestamp="2020-02-09T00:09:54 CST" time="0.049" errors="0">
  <testcase name="BrowserAutomation" time="0.004" classname="qaclickacadamy.SeleniumTest"/>
  <testcase name="ElementsUi" time="0.001" classname="qaclickacadamy.SeleniumTest"/>
  <testcase name="deleteTwitter" time="0.0" classname="qaclickacadamy.RESTAPITest"/>
  <testcase name="postjira" time="0.0" classname="qaclickacadamy.RESTAPITest"/>
</testsuite> <!-- Test -->
