<?xml version="1.0" encoding="UTF-8"?>
<testng-results skipped="0" failed="0" ignored="0" total="4" passed="4">
  <reporter-output>
  </reporter-output>
  <suite name="Suite" duration-ms="49" started-at="2020-02-09T00:09:54 CST" finished-at="2020-02-09T00:09:54 CST">
    <groups>
    </groups>
    <test name="Test" duration-ms="49" started-at="2020-02-09T00:09:54 CST" finished-at="2020-02-09T00:09:54 CST">
      <class name="qaclickacadamy.RESTAPITest">
        <test-method status="PASS" signature="postjira()[pri:0, instance:qaclickacadamy.RESTAPITest@3b084709]" name="postjira" duration-ms="0" started-at="2020-02-09T00:09:54 CST" finished-at="2020-02-09T00:09:54 CST">
          <reporter-output>
          </reporter-output>
        </test-method> <!-- postjira -->
        <test-method status="PASS" signature="deleteTwitter()[pri:0, instance:qaclickacadamy.RESTAPITest@3b084709]" name="deleteTwitter" duration-ms="0" started-at="2020-02-09T00:09:54 CST" finished-at="2020-02-09T00:09:54 CST">
          <reporter-output>
          </reporter-output>
        </test-method> <!-- deleteTwitter -->
      </class> <!-- qaclickacadamy.RESTAPITest -->
      <class name="qaclickacadamy.SeleniumTest">
        <test-method status="PASS" signature="BrowserAutomation()[pri:0, instance:qaclickacadamy.SeleniumTest@57855c9a]" name="BrowserAutomation" duration-ms="4" started-at="2020-02-09T00:09:54 CST" finished-at="2020-02-09T00:09:54 CST">
          <reporter-output>
          </reporter-output>
        </test-method> <!-- BrowserAutomation -->
        <test-method status="PASS" signature="ElementsUi()[pri:0, instance:qaclickacadamy.SeleniumTest@57855c9a]" name="ElementsUi" duration-ms="1" started-at="2020-02-09T00:09:54 CST" finished-at="2020-02-09T00:09:54 CST">
          <reporter-output>
          </reporter-output>
        </test-method> <!-- ElementsUi -->
      </class> <!-- qaclickacadamy.SeleniumTest -->
    </test> <!-- Test -->
  </suite> <!-- Suite -->
</testng-results>
